\BOOKMARK [0][-]{chapter*.4}{\376\377\000L\000i\000s\000t\000\040\000o\000f\000\040\000T\000a\000b\000l\000e\000s}{}% 1
\BOOKMARK [0][-]{chapter*.5}{\376\377\000L\000i\000s\000t\000\040\000o\000f\000\040\000F\000i\000g\000u\000r\000e\000s}{}% 2
\BOOKMARK [0][-]{chapter.1}{\376\377\000I\000n\000t\000r\000o\000d\000u\000c\000t\000i\000o\000n}{}% 3
\BOOKMARK [0][-]{chapter.2}{\376\377\000B\000a\000c\000k\000g\000r\000o\000u\000n\000d}{}% 4
\BOOKMARK [1][-]{section.2.1}{\376\377\000R\000e\000s\000i\000s\000t\000a\000n\000c\000e\000-\000e\000x\000e\000r\000c\000i\000s\000e\000\040\000p\000r\000e\000s\000c\000r\000i\000p\000t\000i\000o\000n\000,\000\040\000a\000\040\000h\000i\000s\000t\000o\000r\000i\000c\000a\000l\000\040\000n\000o\000t\000e\000\040\000a\000n\000d\000\040\000c\000u\000r\000r\000e\000n\000t\000\040\000c\000h\000a\000l\000l\000e\000n\000g\000e\000s}{chapter.2}% 5
\BOOKMARK [1][-]{section.2.2}{\376\377\000A\000d\000a\000p\000t\000a\000t\000i\000o\000n\000s\000\040\000t\000o\000\040\000r\000e\000s\000i\000s\000t\000a\000n\000c\000e\000\040\000t\000r\000a\000i\000n\000i\000n\000g}{chapter.2}% 6
\BOOKMARK [2][-]{subsection.2.2.1}{\376\377\000M\000u\000s\000c\000l\000e\000\040\000h\000y\000p\000e\000r\000t\000r\000o\000p\000h\000y\000\040\000a\000n\000d\000\040\000s\000t\000r\000e\000n\000g\000t\000h}{section.2.2}% 7
\BOOKMARK [2][-]{subsection.2.2.2}{\376\377\000C\000h\000a\000n\000g\000e\000s\000\040\000i\000n\000\040\000m\000u\000s\000c\000l\000e\000\040\000f\000i\000b\000e\000r\000\040\000c\000o\000n\000t\000r\000a\000c\000t\000i\000l\000e\000\040\000a\000n\000d\000\040\000m\000e\000t\000a\000b\000o\000l\000i\000c\000\040\000c\000h\000a\000r\000a\000c\000t\000e\000r\000i\000s\000t\000i\000c\000s\000\040\000w\000i\000t\000h\000\040\000r\000e\000s\000i\000s\000t\000a\000n\000c\000e\000\040\000t\000r\000a\000i\000n\000i\000n\000g}{section.2.2}% 8
\BOOKMARK [2][-]{subsection.2.2.3}{\376\377\000C\000o\000n\000n\000e\000c\000t\000i\000v\000e\000\040\000t\000i\000s\000s\000u\000e}{section.2.2}% 9
\BOOKMARK [1][-]{section.2.3}{\376\377\000E\000f\000f\000e\000c\000t\000s\000\040\000o\000f\000\040\000e\000x\000e\000r\000c\000i\000s\000e\000\040\000p\000r\000e\000s\000c\000r\000i\000p\000t\000i\000o\000n\000\040\000o\000n\000\040\000m\000u\000s\000c\000l\000e\000\040\000m\000a\000s\000s\000\040\000a\000n\000d\000\040\000s\000t\000r\000e\000n\000g\000t\000h}{chapter.2}% 10
\BOOKMARK [2][-]{subsection.2.3.1}{\376\377\000E\000f\000f\000e\000c\000t\000s\000\040\000o\000f\000\040\000r\000e\000s\000i\000s\000t\000a\000n\000c\000e\000\040\000e\000x\000e\000r\000c\000i\000s\000e\000\040\000v\000o\000l\000u\000m\000e\000\040\000o\000n\000\040\000m\000u\000s\000c\000l\000e\000\040\000s\000t\000r\000e\000n\000g\000t\000h\000\040\000a\000n\000d\000\040\000m\000a\000s\000s}{section.2.3}% 11
\BOOKMARK [1][-]{section.2.4}{\376\377\000M\000o\000l\000e\000c\000u\000l\000a\000r\000\040\000d\000e\000t\000e\000r\000m\000i\000n\000a\000n\000t\000s\000\040\000o\000f\000\040\000t\000r\000a\000i\000n\000i\000n\000g\000-\000i\000n\000d\000u\000c\000e\000d\000\040\000m\000u\000s\000c\000l\000e\000\040\000h\000y\000p\000e\000r\000t\000r\000o\000p\000h\000y}{chapter.2}% 12
\BOOKMARK [2][-]{subsection.2.4.1}{\376\377\000m\000T\000O\000R\000C\0001\000\040\000a\000\040\000m\000u\000l\000t\000i\000f\000a\000c\000e\000t\000e\000d\000\040\000c\000o\000o\000r\000d\000i\000n\000a\000t\000o\000r\000\040\000o\000f\000\040\000c\000e\000l\000l\000\040\000g\000r\000o\000w\000t\000h}{section.2.4}% 13
\BOOKMARK [2][-]{subsection.2.4.2}{\376\377\000R\000i\000b\000o\000s\000o\000m\000a\000l\000\040\000b\000i\000o\000g\000e\000n\000e\000s\000i\000s\000\040\000a\000n\000d\000\040\000r\000e\000s\000i\000s\000t\000a\000n\000c\000e\000\040\000t\000r\000a\000i\000n\000i\000n\000g\000\040\000i\000n\000d\000u\000c\000e\000d\000\040\000m\000u\000s\000c\000l\000e\000\040\000h\000y\000p\000e\000r\000t\000r\000o\000p\000h\000y}{section.2.4}% 14
\BOOKMARK [2][-]{subsection.2.4.3}{\376\377\000T\000r\000a\000n\000s\000c\000r\000i\000p\000t\000i\000o\000n\000a\000l\000\040\000r\000e\000g\000u\000l\000a\000t\000i\000o\000n\000\040\000o\000f\000\040\000t\000r\000a\000i\000n\000i\000n\000g\000-\000i\000n\000d\000u\000c\000e\000d\000\040\000m\000u\000s\000c\000l\000e\000\040\000t\000i\000s\000s\000u\000e\000\040\000r\000e\000m\000o\000d\000e\000l\000i\000n\000g\000\040\000\050\000w\000i\000t\000h\000\040\000a\000n\000a\000l\000y\000t\000i\000c\000a\000l\000\040\000c\000h\000a\000l\000l\000a\000n\000g\000e\000s\000\051}{section.2.4}% 15
\BOOKMARK [1][-]{section.2.5}{\376\377\000E\000f\000f\000e\000c\000t\000s\000\040\000o\000f\000\040\000e\000x\000e\000r\000c\000i\000s\000e\000\040\000v\000o\000l\000u\000m\000e\000\040\000o\000n\000\040\000m\000o\000l\000e\000c\000u\000l\000a\000r\000\040\000d\000e\000t\000e\000r\000m\000i\000n\000a\000n\000t\000s\000\040\000o\000f\000\040\000m\000u\000s\000c\000l\000e\000\040\000g\000r\000o\000w\000t\000h}{chapter.2}% 16
\BOOKMARK [0][-]{chapter.3}{\376\377\000A\000i\000m\000s}{}% 17
\BOOKMARK [0][-]{chapter.4}{\376\377\000M\000e\000t\000h\000o\000d\000s}{}% 18
\BOOKMARK [1][-]{section.4.1}{\376\377\000S\000t\000u\000d\000y\000\040\000o\000v\000e\000r\000v\000i\000e\000w\000\040\000a\000n\000d\000\040\000p\000a\000r\000t\000i\000c\000i\000p\000a\000n\000t\000s}{chapter.4}% 19
\BOOKMARK [1][-]{section.4.2}{\376\377\000R\000e\000s\000i\000s\000t\000a\000n\000c\000e\000\040\000t\000r\000a\000i\000n\000i\000n\000g\000\040\000i\000n\000t\000e\000r\000v\000e\000n\000t\000i\000o\000n\000s}{chapter.4}% 20
\BOOKMARK [1][-]{section.4.3}{\376\377\000M\000u\000s\000c\000l\000e\000\040\000s\000t\000r\000e\000n\000g\000t\000h\000\040\000a\000s\000s\000e\000s\000s\000m\000e\000n\000t\000s}{chapter.4}% 21
\BOOKMARK [2][-]{subsection.4.3.1}{\376\377\000I\000s\000o\000k\000i\000n\000e\000t\000i\000c\000\040\000a\000n\000d\000\040\000i\000s\000o\000m\000e\000t\000r\000i\000c\000\040\000m\000a\000x\000i\000m\000a\000l\000\040\000t\000o\000r\000q\000u\000e}{section.4.3}% 22
\BOOKMARK [2][-]{subsection.4.3.2}{\376\377\000O\000n\000e\000-\000r\000e\000p\000e\000t\000i\000t\000i\000o\000n\000\040\000m\000a\000x\000i\000m\000u\000m}{section.4.3}% 23
\BOOKMARK [2][-]{subsection.4.3.3}{\376\377\000S\000t\000r\000e\000n\000g\000t\000h\000\040\000a\000s\000s\000e\000s\000s\000m\000e\000n\000t\000\040\000f\000r\000e\000q\000u\000e\000n\000c\000y\000\040\000\050\000a\000n\000d\000\040\000s\000t\000a\000t\000i\000s\000t\000i\000c\000s\000\051}{section.4.3}% 24
\BOOKMARK [1][-]{section.4.4}{\376\377\000M\000e\000a\000s\000u\000r\000e\000s\000\040\000o\000f\000\040\000m\000u\000s\000c\000l\000e\000\040\000m\000a\000s\000s}{chapter.4}% 25
\BOOKMARK [1][-]{section.4.5}{\376\377\000M\000u\000s\000c\000l\000e\000\040\000t\000i\000s\000s\000u\000e\000\040\000s\000a\000m\000p\000l\000i\000n\000g\000\040\000a\000n\000d\000\040\000p\000r\000e\000p\000a\000r\000a\000t\000i\000o\000n\000s\000\040\000f\000o\000r\000\040\000d\000o\000w\000n\000s\000t\000r\000e\000a\000m\000\040\000a\000n\000a\000l\000y\000s\000e\000s}{chapter.4}% 26
\BOOKMARK [1][-]{section.4.6}{\376\377\000R\000N\000A\000\040\000a\000n\000a\000l\000y\000s\000i\000s}{chapter.4}% 27
\BOOKMARK [2][-]{subsection.4.6.1}{\376\377\000H\000o\000r\000m\000o\000n\000a\000l\000\040\000m\000e\000a\000s\000u\000r\000e\000m\000e\000n\000t\000s}{section.4.6}% 28
\BOOKMARK [1][-]{section.4.7}{\376\377\000S\000t\000a\000t\000i\000s\000t\000i\000c\000s\000\040\000a\000n\000d\000\040\000d\000a\000t\000a\000\040\000a\000n\000a\000l\000y\000s\000i\000s}{chapter.4}% 29
\BOOKMARK [2][-]{subsection.4.7.1}{\376\377\000N\000o\000r\000m\000a\000l\000i\000z\000a\000t\000i\000o\000n}{section.4.7}% 30
\BOOKMARK [1][-]{section.4.8}{\376\377\000M\000e\000t\000a\000-\000a\000n\000a\000l\000y\000s\000i\000s\000\040\000o\000f\000\040\000w\000i\000t\000h\000i\000n\000-\000s\000e\000s\000s\000i\000o\000n\000\040\000t\000r\000a\000i\000n\000i\000n\000g\000\040\000v\000o\000l\000u\000m\000e}{chapter.4}% 31
\BOOKMARK [2][-]{subsection.4.8.1}{\376\377\000L\000i\000t\000e\000r\000a\000t\000u\000r\000e\000\040\000s\000e\000a\000r\000c\000h\000,\000\040\000i\000n\000c\000l\000u\000s\000i\000o\000n\000\040\000c\000r\000i\000t\000e\000r\000i\000a\000\040\000a\000n\000d\000\040\000c\000o\000d\000i\000n\000g\000\040\000o\000f\000\040\000s\000t\000u\000d\000i\000e\000s}{section.4.8}% 32
\BOOKMARK [2][-]{subsection.4.8.2}{\376\377\000C\000a\000l\000c\000u\000l\000a\000t\000i\000o\000n\000s\000\040\000o\000f\000\040\000e\000f\000f\000e\000c\000t\000\040\000s\000i\000z\000e\000s\000\040\000a\000n\000d\000\040\000s\000t\000a\000t\000i\000s\000t\000i\000c\000a\000l\000\040\000a\000n\000a\000l\000y\000s\000i\000s}{section.4.8}% 33
\BOOKMARK [0][-]{chapter.5}{\376\377\000R\000e\000s\000u\000l\000t\000s\000\040\000a\000n\000d\000\040\000D\000i\000s\000c\000u\000s\000s\000i\000o\000n}{}% 34
\BOOKMARK [1][-]{section.5.1}{\376\377\000W\000i\000t\000h\000i\000n\000-\000s\000e\000s\000s\000i\000o\000n\000\040\000t\000r\000a\000i\000n\000i\000n\000g\000\040\000v\000o\000l\000u\000m\000e\000\040\000a\000f\000f\000e\000c\000t\000s\000\040\000t\000r\000a\000i\000n\000i\000n\000g\000-\000i\000n\000d\000u\000c\000e\000d\000\040\000c\000h\000a\000n\000g\000e\000s\000\040\000i\000n\000\040\000m\000u\000s\000c\000l\000e\000\040\000m\000a\000s\000s\000\040\000a\000n\000d\000\040\000s\000t\000r\000e\000n\000g\000t\000h\000\040\000a\000n\000d\000\040\000m\000o\000l\000e\000c\000u\000l\000a\000r\000\040\000d\000e\000t\000e\000r\000m\000i\000n\000a\000n\000t\000s\000\040\000o\000f\000\040\000m\000u\000s\000c\000l\000e\000\040\000h\000y\000p\000e\000r\000t\000r\000o\000p\000h\000y}{chapter.5}% 35
\BOOKMARK [1][-]{section.5.2}{\376\377\000V\000o\000l\000u\000m\000e\000-\000d\000e\000p\000e\000n\000d\000e\000n\000t\000\040\000r\000e\000m\000o\000d\000e\000l\000i\000n\000g\000\040\000o\000f\000\040\000m\000u\000s\000c\000l\000e\000\040\000f\000i\000b\000e\000r\000-\000t\000y\000p\000e\000\040\000c\000o\000m\000p\000o\000s\000i\000t\000i\000o\000n}{chapter.5}% 36
\BOOKMARK [1][-]{section.5.3}{\376\377\000V\000o\000l\000u\000m\000e\000-\000d\000e\000p\000e\000n\000d\000e\000n\000t\000\040\000e\000f\000f\000e\000c\000t\000s\000\040\000o\000n\000\040\000t\000r\000a\000n\000s\000c\000r\000i\000p\000t\000o\000m\000e\000\040\000c\000h\000a\000r\000a\000c\000t\000e\000r\000i\000s\000t\000i\000c\000s}{chapter.5}% 37
\BOOKMARK [1][-]{section.5.4}{\376\377\000D\000e\000t\000e\000r\000m\000i\000n\000a\000n\000t\000s\000\040\000o\000f\000\040\000m\000o\000d\000e\000r\000a\000t\000e\000-\000\040\000o\000v\000e\000r\000\040\000l\000o\000w\000-\000v\000o\000l\000u\000m\000e\000\040\000t\000r\000a\000i\000n\000i\000n\000g\000\040\000b\000e\000n\000e\000f\000i\000t}{chapter.5}% 38
\BOOKMARK [0][-]{chapter.6}{\376\377\000M\000e\000t\000h\000o\000d\000o\000l\000o\000g\000i\000c\000a\000l\000\040\000c\000o\000n\000s\000i\000d\000e\000r\000a\000t\000i\000o\000n\000s}{}% 39
\BOOKMARK [1][-]{section.6.1}{\376\377\000F\000e\000a\000s\000i\000b\000i\000l\000i\000t\000y\000\040\000o\000f\000\040\000m\000o\000d\000e\000l\000-\000b\000a\000s\000e\000d\000\040\000n\000o\000r\000m\000a\000l\000i\000z\000a\000t\000i\000o\000n\000\040\000o\000f\000\040\000R\000T\000-\000q\000P\000C\000R\000-\000b\000a\000s\000e\000d\000\040\000g\000e\000n\000e\000-\000e\000x\000p\000r\000e\000s\000s\000i\000o\000n\000\040\000d\000a\000t\000a\000\040\000i\000n\000\040\000a\000\040\000c\000a\000s\000e\000\040\000o\000f\000\040\000h\000u\000m\000a\000n\000\040\000m\000u\000s\000c\000l\000e\000\040\000u\000n\000d\000e\000r\000\040\000h\000y\000p\000e\000r\000t\000r\000o\000p\000h\000i\000c\000\040\000s\000t\000r\000e\000s\000s}{chapter.6}% 40
\BOOKMARK [1][-]{section.6.2}{\376\377\000I\000n\000c\000r\000e\000a\000s\000e\000d\000\040\000r\000e\000l\000e\000v\000a\000n\000c\000e\000\040\000o\000f\000\040\000R\000N\000A\000-\000s\000e\000q\000\040\000d\000a\000t\000a\000\040\000t\000h\000r\000o\000u\000g\000h\000\040\000d\000a\000t\000a\000-\000d\000r\000i\000v\000e\000n\000\040\000s\000e\000l\000e\000c\000t\000i\000o\000n\000\040\000o\000f}{chapter.6}% 41
\BOOKMARK [0][-]{chapter*.28}{\376\377\000C\000o\000n\000c\000l\000u\000s\000i\000o\000n}{}% 42
\BOOKMARK [0][-]{chapter.7}{\376\377\000A\000c\000k\000n\000o\000w\000l\000e\000d\000g\000e\000m\000e\000n\000t\000s}{}% 43
\BOOKMARK [0][-]{chapter.8}{\376\377\000S\000v\000e\000n\000s\000k\000\040\000s\000a\000m\000m\000a\000n\000f\000a\000t\000t\000n\000i\000n\000g}{}% 44
\BOOKMARK [0][-]{chapter*.29}{\376\377\000R\000e\000f\000e\000r\000e\000n\000c\000e\000s}{}% 45
